  Main.cpp
F:\c++\GameLearn\PaddleGame\SFML-3.0.0\include\SFML\System\Exception.hpp(42,1): warning C4275: non dll-interface class 'std::runtime_error' used as base for dll-interface class 'sf::Exception'
C:\Program Files\Microsoft Visual Studio\2022\Community\VC\Tools\MSVC\14.33.31629\include\stdexcept(101): message : see declaration of 'std::runtime_error'
F:\c++\GameLearn\PaddleGame\SFML-3.0.0\include\SFML\System\Exception.hpp(41): message : see declaration of 'sf::Exception'
F:\c++\GameLearn\PaddleGame\Paddle.h(12,28): warning C4244: 'argument': conversion from 'int' to 'T', possible loss of data
          with
          [
              T=float
          ]
F:\c++\GameLearn\PaddleGame\Paddle.h(12,22): warning C4244: 'argument': conversion from 'int' to 'T', possible loss of data
          with
          [
              T=float
          ]
F:\c++\GameLearn\PaddleGame\Paddle.h(9,7): warning C4244: 'initializing': conversion from 'float' to 'int', possible loss of data
F:\c++\GameLearn\PaddleGame\Paddle.h(10,8): warning C4244: 'initializing': conversion from 'float' to 'int', possible loss of data
  Generating code
  1 of 13 functions ( 7.7%) were compiled, the rest were copied from previous compilation.
    0 functions were new in current compilation
    0 functions had inline decision re-evaluated but remain unchanged
  Finished generating code
  Platformer.vcxproj -> F:\c++\GameLearn\PaddleGame\x64\Release\PaddleGame.exe
  'pwsh.exe' is not recognized as an internal or external command,
  operable program or batch file.
